::1 - - [07/Apr/2020:10:39:30 +0000] "DELETE /api/v1/categories/5 HTTP/1.1" 200 73 "-" "PostmanRuntime/7.24.0"
::1 - - [07/Apr/2020:10:39:35 +0000] "GET /api/v1/categories/5 HTTP/1.1" 200 88 "-" "PostmanRuntime/7.24.0"
::1 - - [07/Apr/2020:10:39:37 +0000] "POST /api/v1/categories/5 HTTP/1.1" 404 159 "-" "PostmanRuntime/7.24.0"
::1 - - [07/Apr/2020:10:57:48 +0000] "GET /api/v1/categories HTTP/1.1" 200 109 "-" "PostmanRuntime/7.24.0"
::1 - - [07/Apr/2020:11:00:44 +0000] "GET /api/v1/categories/11 HTTP/1.1" 200 89 "-" "PostmanRuntime/7.24.0"
::1 - - [07/Apr/2020:11:03:02 +0000] "GET /api/v1/categories HTTP/1.1" 200 109 "-" "PostmanRuntime/7.24.0"
::1 - - [07/Apr/2020:11:18:04 +0000] "GET /api/v1/categories HTTP/1.1" 200 109 "-" "PostmanRuntime/7.24.0"
::1 - - [07/Apr/2020:11:19:30 +0000] "GET /api/v1/categories/12 HTTP/1.1" 200 89 "-" "PostmanRuntime/7.24.0"
::1 - - [07/Apr/2020:11:20:14 +0000] "POST /api/v1/categories HTTP/1.1" 200 68 "-" "PostmanRuntime/7.24.0"
::1 - - [07/Apr/2020:11:20:40 +0000] "PUT /api/v1/categories/1 HTTP/1.1" 200 75 "-" "PostmanRuntime/7.24.0"
::1 - - [07/Apr/2020:11:21:18 +0000] "GET /api/v1/categories/12 HTTP/1.1" 200 89 "-" "PostmanRuntime/7.24.0"
::1 - - [07/Apr/2020:11:21:22 +0000] "PUT /api/v1/categories/1 HTTP/1.1" 200 75 "-" "PostmanRuntime/7.24.0"
::1 - - [07/Apr/2020:11:21:28 +0000] "GET /api/v1/categories HTTP/1.1" 200 109 "-" "PostmanRuntime/7.24.0"
::1 - - [07/Apr/2020:11:25:11 +0000] "DELETE /api/v1/categories/23 HTTP/1.1" 200 74 "-" "PostmanRuntime/7.24.0"
::1 - - [07/Apr/2020:11:26:25 +0000] "PUT /api/v1/categories/1 HTTP/1.1" 200 75 "-" "PostmanRuntime/7.24.0"
::1 - - [09/Apr/2020:10:53:47 +0000] "GET / HTTP/1.1" 404 139 "-" "Mozilla/5.0 (Windows NT 10.0; Win64; x64) AppleWebKit/537.36 (KHTML, like Gecko) Chrome/80.0.3987.163 Safari/537.36"
::1 - - [10/Apr/2020:08:25:04 +0000] "GET /api/v1/categories HTTP/1.1" 200 109 "-" "PostmanRuntime/7.24.0"
::1 - - [10/Apr/2020:08:59:00 +0000] "POST /api/v1/categories HTTP/1.1" 200 68 "-" "PostmanRuntime/7.24.0"
::1 - - [10/Apr/2020:09:07:28 +0000] "POST /api/v1/categories HTTP/1.1" 200 68 "-" "PostmanRuntime/7.24.0"
::1 - - [10/Apr/2020:09:11:06 +0000] "POST /api/v1/categories HTTP/1.1" 200 68 "-" "PostmanRuntime/7.24.0"
::1 - - [10/Apr/2020:09:11:48 +0000] "POST /api/v1/categories HTTP/1.1" 200 68 "-" "PostmanRuntime/7.24.0"
::1 - - [10/Apr/2020:09:16:37 +0000] "POST /api/v1/categories HTTP/1.1" 400 553 "-" "PostmanRuntime/7.24.0"
::1 - - [10/Apr/2020:09:18:03 +0000] "POST /api/v1/categories HTTP/1.1" 200 270 "-" "PostmanRuntime/7.24.0"
::1 - - [10/Apr/2020:09:20:05 +0000] "POST /api/v1/categories HTTP/1.1" 400 279 "-" "PostmanRuntime/7.24.0"
::1 - - [10/Apr/2020:09:21:01 +0000] "POST /api/v1/categories HTTP/1.1" 400 664 "-" "PostmanRuntime/7.24.0"
::1 - - [10/Apr/2020:09:21:53 +0000] "POST /api/v1/categories HTTP/1.1" 200 270 "-" "PostmanRuntime/7.24.0"
::1 - - [10/Apr/2020:09:31:48 +0000] "GET /api/v1/categories HTTP/1.1" 200 519 "-" "PostmanRuntime/7.24.0"
::1 - - [10/Apr/2020:09:33:50 +0000] "GET /api/v1/categories/3333 HTTP/1.1" 200 91 "-" "PostmanRuntime/7.24.0"
::1 - - [10/Apr/2020:09:37:54 +0000] "GET /api/v1/categories/3333 HTTP/1.1" 400 205 "-" "PostmanRuntime/7.24.0"
::1 - - [10/Apr/2020:09:38:07 +0000] "GET /api/v1/categories HTTP/1.1" 200 519 "-" "PostmanRuntime/7.24.0"
::1 - - [10/Apr/2020:09:38:18 +0000] "GET /api/v1/categories/5e9039cb73ad354cb0b20cca HTTP/1.1" 200 270 "-" "PostmanRuntime/7.24.0"
::1 - - [10/Apr/2020:09:38:41 +0000] "GET /api/v1/categories/5e9039cb73ad354cb0b20cc1 HTTP/1.1" 200 28 "-" "PostmanRuntime/7.24.0"
::1 - - [10/Apr/2020:09:41:27 +0000] "GET /api/v1/categories/5e9039cb73ad354cb0b20cc1 HTTP/1.1" 400 95 "-" "PostmanRuntime/7.24.0"
::1 - - [10/Apr/2020:09:41:38 +0000] "GET /api/v1/categories/5e9039cb73ad354cb0b20cca HTTP/1.1" 200 270 "-" "PostmanRuntime/7.24.0"
::1 - - [10/Apr/2020:09:56:55 +0000] "GET /api/v1/categories/5e9039cb73ad354cb0b20cca HTTP/1.1" 200 270 "-" "PostmanRuntime/7.24.0"
::1 - - [10/Apr/2020:09:56:59 +0000] "GET /api/v1/categories/5e9039cb73ad354cb0b20cc1 HTTP/1.1" 400 95 "-" "PostmanRuntime/7.24.0"
::1 - - [10/Apr/2020:09:57:03 +0000] "GET /api/v1/categories/5e9039cb73ad354cb0b20cca HTTP/1.1" 400 95 "-" "PostmanRuntime/7.24.0"
::1 - - [10/Apr/2020:09:57:10 +0000] "GET /api/v1/categories/5e9039cb73ad354cb0b20cca HTTP/1.1" 400 95 "-" "PostmanRuntime/7.24.0"
::1 - - [10/Apr/2020:09:57:21 +0000] "GET /api/v1/categories/5e9039cb73ad354cb0b20cca HTTP/1.1" 400 95 "-" "PostmanRuntime/7.24.0"
::1 - - [10/Apr/2020:09:57:30 +0000] "GET /api/v1/categories/5e9039cb73ad354cb0b20cca HTTP/1.1" 400 95 "-" "PostmanRuntime/7.24.0"
::1 - - [10/Apr/2020:09:57:31 +0000] "GET /api/v1/categories/5e9039cb73ad354cb0b20cca HTTP/1.1" 400 95 "-" "PostmanRuntime/7.24.0"
::1 - - [10/Apr/2020:09:58:20 +0000] "GET /api/v1/categories HTTP/1.1" 200 272 "-" "PostmanRuntime/7.24.0"
::1 - - [10/Apr/2020:09:58:36 +0000] "POST /api/v1/categories HTTP/1.1" 200 272 "-" "PostmanRuntime/7.24.0"
::1 - - [10/Apr/2020:09:58:39 +0000] "GET /api/v1/categories HTTP/1.1" 200 521 "-" "PostmanRuntime/7.24.0"
::1 - - [10/Apr/2020:09:58:50 +0000] "GET /api/v1/categories/5e90434cd433fa11b078ed8a HTTP/1.1" 200 272 "-" "PostmanRuntime/7.24.0"
::1 - - [10/Apr/2020:10:01:21 +0000] "DELETE /api/v1/categories/23 HTTP/1.1" 200 74 "-" "PostmanRuntime/7.24.0"
::1 - - [10/Apr/2020:10:05:26 +0000] "GET /api/v1/categories HTTP/1.1" 200 521 "-" "PostmanRuntime/7.24.0"
::1 - - [10/Apr/2020:10:05:38 +0000] "DELETE /api/v1/categories/5e903ab0a6be03215ca50703 HTTP/1.1" 200 270 "-" "PostmanRuntime/7.24.0"
::1 - - [10/Apr/2020:10:06:00 +0000] "GET /api/v1/categories HTTP/1.1" 200 274 "-" "PostmanRuntime/7.24.0"
::1 - - [10/Apr/2020:10:06:10 +0000] "DELETE /api/v1/categories/32423 HTTP/1.1" 400 208 "-" "PostmanRuntime/7.24.0"
::1 - - [10/Apr/2020:10:06:39 +0000] "DELETE /api/v1/categories/5e90434cd433fa11b078ed83 HTTP/1.1" 400 95 "-" "PostmanRuntime/7.24.0"
::1 - - [10/Apr/2020:10:06:48 +0000] "DELETE /api/v1/categories/5e90434cd433fa11b078ed8 HTTP/1.1" 400 262 "-" "PostmanRuntime/7.24.0"
::1 - - [10/Apr/2020:10:13:11 +0000] "PUT /api/v1/categories/1 HTTP/1.1" 400 196 "-" "PostmanRuntime/7.24.0"
::1 - - [10/Apr/2020:10:13:42 +0000] "PUT /api/v1/categories/5e90434cd433fa11b078ed8a HTTP/1.1" 200 261 "-" "PostmanRuntime/7.24.0"
::1 - - [10/Apr/2020:10:14:11 +0000] "GET /api/v1/categories HTTP/1.1" 200 263 "-" "PostmanRuntime/7.24.0"
::1 - - [10/Apr/2020:10:14:42 +0000] "PUT /api/v1/categories/5e90434cd433fa11b078ed8a HTTP/1.1" 200 268 "-" "PostmanRuntime/7.24.0"
::1 - - [10/Apr/2020:10:15:02 +0000] "PUT /api/v1/categories/5e90434cd433fa11b078ed8a HTTP/1.1" 400 1115 "-" "PostmanRuntime/7.24.0"
::1 - - [10/Apr/2020:10:15:16 +0000] "PUT /api/v1/categories/5e90434cd433fa11b078ed8a HTTP/1.1" 200 268 "-" "PostmanRuntime/7.24.0"
::1 - - [10/Apr/2020:10:15:31 +0000] "PUT /api/v1/categories/5e90434cd433fa11b078ed8a HTTP/1.1" 200 269 "-" "PostmanRuntime/7.24.0"
::1 - - [10/Apr/2020:10:15:43 +0000] "PUT /api/v1/categories/5e90434cd433fa11b078ed8a HTTP/1.1" 200 268 "-" "PostmanRuntime/7.24.0"
::1 - - [10/Apr/2020:10:15:48 +0000] "PUT /api/v1/categories/5e90434cd433fa11b078ed85 HTTP/1.1" 400 95 "-" "PostmanRuntime/7.24.0"
::1 - - [10/Apr/2020:10:15:53 +0000] "PUT /api/v1/categories/5e90434cd433fa11b078ed8a HTTP/1.1" 200 268 "-" "PostmanRuntime/7.24.0"
::1 - - [10/Apr/2020:10:16:37 +0000] "POST /api/v1/categories HTTP/1.1" 200 258 "-" "PostmanRuntime/7.24.0"
::1 - - [10/Apr/2020:10:16:42 +0000] "GET /api/v1/categories HTTP/1.1" 200 505 "-" "PostmanRuntime/7.24.0"
::1 - - [10/Apr/2020:10:18:37 +0000] "POST /api/v1/categories HTTP/1.1" 200 235 "-" "PostmanRuntime/7.24.0"
